<?xml version="1.0" encoding="UTF-8"?>
<!-- Generated by org.testng.reporters.JUnitXMLReporter -->
<testsuite hostname="LAPTOP-HC7TTO3K" ignored="1" name="Test2" tests="2" failures="0" timestamp="2021-11-30T13:08:25 IST" time="0.063" errors="0">
  <testcase name="testCase1" time="0.016" classname="com.testng.grouping.Grouping"/>
  <testcase name="testCase2" time="0.0" classname="com.testng.grouping.Grouping"/>
  <testcase name="testCase3" time="0.0" classname="com.testng.grouping.Grouping">
    <ignored/>
  </testcase> <!-- testCase3 -->
</testsuite> <!-- Test2 -->
