<?xml version="1.0" encoding="UTF-8"?>
<testng-results skipped="0" failed="0" ignored="0" total="2" passed="2">
  <reporter-output>
  </reporter-output>
  <suite name="Suite" duration-ms="135" started-at="2021-12-02T11:02:49 IST" finished-at="2021-12-02T11:02:49 IST">
    <groups>
    </groups>
    <test name="Test" duration-ms="135" started-at="2021-12-02T11:02:49 IST" finished-at="2021-12-02T11:02:49 IST">
      <class name="com.testng.parallelExecutions.Parallel_Execution">
        <test-method status="PASS" signature="method2()[pri:0, instance:com.testng.parallelExecutions.Parallel_Execution@1c3a4799]" name="method2" duration-ms="22" started-at="2021-12-02T11:02:49 IST" finished-at="2021-12-02T11:02:49 IST">
          <reporter-output>
          </reporter-output>
        </test-method> <!-- method2 -->
        <test-method status="PASS" signature="method1()[pri:0, instance:com.testng.parallelExecutions.Parallel_Execution@1c3a4799]" name="method1" duration-ms="20" started-at="2021-12-02T11:02:49 IST" finished-at="2021-12-02T11:02:49 IST">
          <reporter-output>
          </reporter-output>
        </test-method> <!-- method1 -->
      </class> <!-- com.testng.parallelExecutions.Parallel_Execution -->
    </test> <!-- Test -->
  </suite> <!-- Suite -->
</testng-results>
