<?xml version="1.0" encoding="UTF-8"?>
<!-- Generated by org.testng.reporters.JUnitXMLReporter -->
<testsuite hostname="LAPTOP-HC7TTO3K" ignored="0" name="Test1" tests="3" failures="0" timestamp="2021-11-30T12:55:45 IST" time="0.069" errors="0">
  <testcase name="testCase1" time="0.0" classname="com.testng.annotations.Annotations"/>
  <testcase name="testCase2" time="0.0" classname="com.testng.annotations.Annotations"/>
  <testcase name="testCase3" time="0.0" classname="com.testng.annotations.Annotations"/>
</testsuite> <!-- Test1 -->
